<?xml version="1.0" encoding="UTF-8"?>
<!-- Generated by org.testng.reporters.JUnitReportReporter -->
<testsuite skipped="0" hostname="Ocean" name="updated_test" tests="2" failures="0" timestamp="2020-03-15T15:07:12 IST" time="19.695" errors="0">
  <testcase name="testcase2" time="2.991" classname="updated_test"/>
  <testcase name="testcase1" time="16.704" classname="updated_test"/>
</testsuite> <!-- updated_test -->
